mode: atomic
github.com/autom8ter/brutus/kv/badger/batch.go:9.52,11.2 1 10
github.com/autom8ter/brutus/kv/badger/batch.go:13.48,15.2 1 0
github.com/autom8ter/brutus/kv/badger/batch.go:17.37,19.2 1 1
github.com/autom8ter/brutus/kv/badger/item.go:8.28,10.2 1 18
github.com/autom8ter/brutus/kv/badger/item.go:12.39,14.2 1 10
github.com/autom8ter/brutus/kv/badger/iter.go:13.43,15.2 1 0
github.com/autom8ter/brutus/kv/badger/iter.go:17.34,19.2 1 1
github.com/autom8ter/brutus/kv/badger/iter.go:21.39,22.26 1 11
github.com/autom8ter/brutus/kv/badger/iter.go:25.2,25.23 1 11
github.com/autom8ter/brutus/kv/badger/iter.go:22.26,24.3 1 0
github.com/autom8ter/brutus/kv/badger/iter.go:28.41,31.33 1 10
github.com/autom8ter/brutus/kv/badger/iter.go:31.33,33.4 1 10
github.com/autom8ter/brutus/kv/badger/iter.go:37.33,39.2 1 10
github.com/autom8ter/brutus/kv/badger/tx.go:13.63,19.40 6 1
github.com/autom8ter/brutus/kv/badger/tx.go:22.2,24.49 3 1
github.com/autom8ter/brutus/kv/badger/tx.go:19.40,21.3 1 0
github.com/autom8ter/brutus/kv/badger/tx.go:27.52,29.16 2 20
github.com/autom8ter/brutus/kv/badger/tx.go:32.2,33.17 2 20
github.com/autom8ter/brutus/kv/badger/tx.go:29.16,31.3 1 0
github.com/autom8ter/brutus/kv/badger/tx.go:36.49,38.2 1 20
github.com/autom8ter/brutus/kv/badger/tx.go:40.45,42.2 1 0
github.com/autom8ter/brutus/kv/badger/badger.go:12.13,13.81 1 1
github.com/autom8ter/brutus/kv/badger/badger.go:13.81,15.3 1 0
github.com/autom8ter/brutus/kv/badger/badger.go:22.46,24.23 2 1
github.com/autom8ter/brutus/kv/badger/badger.go:29.2,31.16 3 1
github.com/autom8ter/brutus/kv/badger/badger.go:34.2,34.31 1 1
github.com/autom8ter/brutus/kv/badger/badger.go:24.23,28.3 3 1
github.com/autom8ter/brutus/kv/badger/badger.go:31.16,33.3 1 0
github.com/autom8ter/brutus/kv/badger/badger.go:37.66,38.14 1 5
github.com/autom8ter/brutus/kv/badger/badger.go:43.2,43.47 1 3
github.com/autom8ter/brutus/kv/badger/badger.go:38.14,39.50 1 2
github.com/autom8ter/brutus/kv/badger/badger.go:39.50,41.4 1 2
github.com/autom8ter/brutus/kv/badger/badger.go:43.47,45.3 1 3
github.com/autom8ter/brutus/kv/badger/badger.go:48.37,50.2 1 1
github.com/autom8ter/brutus/kv/badger/badger.go:52.34,53.36 1 0
github.com/autom8ter/brutus/kv/badger/badger.go:56.2,56.21 1 0
github.com/autom8ter/brutus/kv/badger/badger.go:53.36,55.3 1 0
github.com/autom8ter/brutus/kv/badger/badger.go:59.95,62.61 3 1
github.com/autom8ter/brutus/kv/badger/badger.go:83.2,83.39 1 1
github.com/autom8ter/brutus/kv/badger/badger.go:86.2,86.12 1 0
github.com/autom8ter/brutus/kv/badger/badger.go:62.61,64.29 2 1
github.com/autom8ter/brutus/kv/badger/badger.go:72.3,73.17 2 1
github.com/autom8ter/brutus/kv/badger/badger.go:76.3,76.15 1 1
github.com/autom8ter/brutus/kv/badger/badger.go:79.3,79.13 1 1
github.com/autom8ter/brutus/kv/badger/badger.go:64.29,67.35 1 11
github.com/autom8ter/brutus/kv/badger/badger.go:67.35,69.6 1 0
github.com/autom8ter/brutus/kv/badger/badger.go:73.17,75.4 1 0
github.com/autom8ter/brutus/kv/badger/badger.go:76.15,78.4 1 1
github.com/autom8ter/brutus/kv/badger/badger.go:83.39,85.3 1 1
github.com/autom8ter/brutus/context.go:21.47,23.17 2 1
github.com/autom8ter/brutus/context.go:26.2,26.10 1 1
github.com/autom8ter/brutus/context.go:23.17,25.3 1 1
github.com/autom8ter/brutus/context.go:30.35,33.2 2 0
github.com/autom8ter/brutus/context.go:36.49,38.2 1 0
github.com/autom8ter/brutus/context.go:41.53,43.53 2 0
github.com/autom8ter/brutus/context.go:46.2,47.12 2 0
github.com/autom8ter/brutus/context.go:43.53,45.3 1 0
github.com/autom8ter/brutus/context.go:51.47,52.25 1 10
github.com/autom8ter/brutus/context.go:52.25,54.3 1 10
github.com/autom8ter/brutus/context.go:58.46,62.2 1 9
github.com/autom8ter/brutus/context.go:65.35,67.2 1 1
github.com/autom8ter/brutus/context.go:70.47,72.2 1 3
github.com/autom8ter/brutus/context.go:75.43,78.2 2 1
github.com/autom8ter/brutus/context.go:81.40,83.41 2 1
github.com/autom8ter/brutus/context.go:87.2,87.13 1 1
github.com/autom8ter/brutus/context.go:83.41,86.3 2 1
github.com/autom8ter/brutus/context.go:91.66,93.2 1 9
github.com/autom8ter/brutus/context.go:96.55,98.8 2 10
github.com/autom8ter/brutus/context.go:101.2,101.26 1 5
github.com/autom8ter/brutus/context.go:98.8,100.3 1 5
github.com/autom8ter/brutus/db_util.go:14.58,16.9 2 8
github.com/autom8ter/brutus/db_util.go:19.2,19.30 1 4
github.com/autom8ter/brutus/db_util.go:16.9,18.3 1 4
github.com/autom8ter/brutus/db_util.go:22.59,23.30 1 0
github.com/autom8ter/brutus/db_util.go:28.2,28.23 1 0
github.com/autom8ter/brutus/db_util.go:23.30,24.16 1 0
github.com/autom8ter/brutus/db_util.go:24.16,26.4 1 0
github.com/autom8ter/brutus/db_util.go:31.66,33.48 2 0
github.com/autom8ter/brutus/db_util.go:37.2,37.46 1 0
github.com/autom8ter/brutus/db_util.go:40.2,40.25 1 0
github.com/autom8ter/brutus/db_util.go:33.48,36.3 2 0
github.com/autom8ter/brutus/db_util.go:37.46,39.3 1 0
github.com/autom8ter/brutus/db_util.go:43.83,47.32 4 4
github.com/autom8ter/brutus/db_util.go:78.2,78.12 1 0
github.com/autom8ter/brutus/db_util.go:47.32,50.17 3 4
github.com/autom8ter/brutus/db_util.go:53.3,54.17 2 4
github.com/autom8ter/brutus/db_util.go:57.3,57.40 1 4
github.com/autom8ter/brutus/db_util.go:62.3,62.42 1 4
github.com/autom8ter/brutus/db_util.go:67.3,67.42 1 4
github.com/autom8ter/brutus/db_util.go:72.3,72.36 1 4
github.com/autom8ter/brutus/db_util.go:50.17,52.4 1 0
github.com/autom8ter/brutus/db_util.go:54.17,56.4 1 0
github.com/autom8ter/brutus/db_util.go:57.40,58.61 1 0
github.com/autom8ter/brutus/db_util.go:58.61,60.5 1 0
github.com/autom8ter/brutus/db_util.go:62.42,63.60 1 0
github.com/autom8ter/brutus/db_util.go:63.60,65.5 1 0
github.com/autom8ter/brutus/db_util.go:67.42,68.63 1 0
github.com/autom8ter/brutus/db_util.go:68.63,70.5 1 0
github.com/autom8ter/brutus/db_util.go:72.36,73.57 1 4
github.com/autom8ter/brutus/db_util.go:73.57,75.5 1 4
github.com/autom8ter/brutus/db_util.go:81.82,83.9 2 4
github.com/autom8ter/brutus/db_util.go:86.2,94.39 7 4
github.com/autom8ter/brutus/db_util.go:104.2,104.16 1 4
github.com/autom8ter/brutus/db_util.go:107.2,108.60 2 0
github.com/autom8ter/brutus/db_util.go:111.2,111.12 1 0
github.com/autom8ter/brutus/db_util.go:83.9,85.3 1 0
github.com/autom8ter/brutus/db_util.go:94.39,99.18 1 0
github.com/autom8ter/brutus/db_util.go:102.3,102.19 1 0
github.com/autom8ter/brutus/db_util.go:99.18,101.4 1 0
github.com/autom8ter/brutus/db_util.go:104.16,106.3 1 4
github.com/autom8ter/brutus/db_util.go:108.60,110.3 1 0
github.com/autom8ter/brutus/db_util.go:114.85,116.9 2 0
github.com/autom8ter/brutus/db_util.go:119.2,121.52 3 0
github.com/autom8ter/brutus/db_util.go:140.2,140.60 1 0
github.com/autom8ter/brutus/db_util.go:143.2,143.12 1 0
github.com/autom8ter/brutus/db_util.go:116.9,118.3 1 0
github.com/autom8ter/brutus/db_util.go:121.52,125.40 2 0
github.com/autom8ter/brutus/db_util.go:135.3,135.17 1 0
github.com/autom8ter/brutus/db_util.go:138.3,138.13 1 0
github.com/autom8ter/brutus/db_util.go:125.40,130.19 1 0
github.com/autom8ter/brutus/db_util.go:133.4,133.20 1 0
github.com/autom8ter/brutus/db_util.go:130.19,132.5 1 0
github.com/autom8ter/brutus/db_util.go:135.17,137.4 1 0
github.com/autom8ter/brutus/db_util.go:140.60,142.3 1 0
github.com/autom8ter/brutus/db_util.go:147.71,149.9 2 0
github.com/autom8ter/brutus/db_util.go:152.2,153.30 2 0
github.com/autom8ter/brutus/db_util.go:156.2,157.14 2 0
github.com/autom8ter/brutus/db_util.go:149.9,151.3 1 0
github.com/autom8ter/brutus/db_util.go:153.30,155.3 1 0
github.com/autom8ter/brutus/db_util.go:160.76,162.16 2 0
github.com/autom8ter/brutus/db_util.go:165.2,165.47 1 0
github.com/autom8ter/brutus/db_util.go:174.2,174.12 1 0
github.com/autom8ter/brutus/db_util.go:162.16,164.3 1 0
github.com/autom8ter/brutus/db_util.go:165.47,167.17 2 0
github.com/autom8ter/brutus/db_util.go:170.3,170.13 1 0
github.com/autom8ter/brutus/db_util.go:167.17,169.4 1 0
github.com/autom8ter/brutus/db_util.go:171.17,173.3 1 0
github.com/autom8ter/brutus/db_util.go:177.70,181.48 2 4
github.com/autom8ter/brutus/db_util.go:193.2,193.22 1 4
github.com/autom8ter/brutus/db_util.go:181.48,183.17 2 4
github.com/autom8ter/brutus/db_util.go:186.3,186.60 1 0
github.com/autom8ter/brutus/db_util.go:189.3,189.13 1 0
github.com/autom8ter/brutus/db_util.go:183.17,185.4 1 4
github.com/autom8ter/brutus/db_util.go:186.60,188.4 1 0
github.com/autom8ter/brutus/db_util.go:190.17,192.3 1 0
github.com/autom8ter/brutus/db_util.go:196.96,198.9 2 0
github.com/autom8ter/brutus/db_util.go:201.2,203.9 3 0
github.com/autom8ter/brutus/db_util.go:206.2,206.49 1 0
github.com/autom8ter/brutus/db_util.go:225.2,225.23 1 0
github.com/autom8ter/brutus/db_util.go:198.9,200.3 1 0
github.com/autom8ter/brutus/db_util.go:203.9,205.3 1 0
github.com/autom8ter/brutus/db_util.go:206.49,207.26 1 0
github.com/autom8ter/brutus/db_util.go:221.3,221.13 1 0
github.com/autom8ter/brutus/db_util.go:207.26,211.18 2 0
github.com/autom8ter/brutus/db_util.go:215.4,216.18 2 0
github.com/autom8ter/brutus/db_util.go:219.4,219.43 1 0
github.com/autom8ter/brutus/db_util.go:211.18,213.5 1 0
github.com/autom8ter/brutus/db_util.go:216.18,218.5 1 0
github.com/autom8ter/brutus/db_util.go:222.17,224.3 1 0
github.com/autom8ter/brutus/db_util.go:228.87,234.9 3 0
github.com/autom8ter/brutus/db_util.go:237.2,237.49 1 0
github.com/autom8ter/brutus/db_util.go:252.2,252.35 1 0
github.com/autom8ter/brutus/db_util.go:258.2,258.22 1 0
github.com/autom8ter/brutus/db_util.go:234.9,236.3 1 0
github.com/autom8ter/brutus/db_util.go:237.49,241.17 2 0
github.com/autom8ter/brutus/db_util.go:244.3,245.17 2 0
github.com/autom8ter/brutus/db_util.go:248.3,248.13 1 0
github.com/autom8ter/brutus/db_util.go:241.17,243.4 1 0
github.com/autom8ter/brutus/db_util.go:245.17,247.4 1 0
github.com/autom8ter/brutus/db_util.go:249.17,251.3 1 0
github.com/autom8ter/brutus/db_util.go:252.35,254.17 2 0
github.com/autom8ter/brutus/db_util.go:254.17,256.4 1 0
github.com/autom8ter/brutus/db_util.go:261.99,263.9 2 0
github.com/autom8ter/brutus/db_util.go:266.2,267.27 2 0
github.com/autom8ter/brutus/db_util.go:288.2,288.36 1 0
github.com/autom8ter/brutus/db_util.go:299.2,299.39 1 0
github.com/autom8ter/brutus/db_util.go:320.2,320.36 1 0
github.com/autom8ter/brutus/db_util.go:338.2,338.36 1 0
github.com/autom8ter/brutus/db_util.go:341.2,345.12 2 0
github.com/autom8ter/brutus/db_util.go:263.9,265.3 1 0
github.com/autom8ter/brutus/db_util.go:267.27,268.40 1 0
github.com/autom8ter/brutus/db_util.go:268.40,270.23 2 0
github.com/autom8ter/brutus/db_util.go:273.4,275.18 3 0
github.com/autom8ter/brutus/db_util.go:278.4,283.19 1 0
github.com/autom8ter/brutus/db_util.go:270.23,272.5 1 0
github.com/autom8ter/brutus/db_util.go:275.18,277.5 1 0
github.com/autom8ter/brutus/db_util.go:283.19,285.5 1 0
github.com/autom8ter/brutus/db_util.go:288.36,295.18 2 0
github.com/autom8ter/brutus/db_util.go:295.18,297.4 1 0
github.com/autom8ter/brutus/db_util.go:299.39,300.21 1 0
github.com/autom8ter/brutus/db_util.go:303.3,304.18 2 0
github.com/autom8ter/brutus/db_util.go:307.3,308.20 2 0
github.com/autom8ter/brutus/db_util.go:311.3,316.18 1 0
github.com/autom8ter/brutus/db_util.go:300.21,302.4 1 0
github.com/autom8ter/brutus/db_util.go:304.18,306.4 1 0
github.com/autom8ter/brutus/db_util.go:308.20,310.4 1 0
github.com/autom8ter/brutus/db_util.go:316.18,318.4 1 0
github.com/autom8ter/brutus/db_util.go:320.36,321.21 1 0
github.com/autom8ter/brutus/db_util.go:324.3,325.18 2 0
github.com/autom8ter/brutus/db_util.go:328.3,334.18 2 0
github.com/autom8ter/brutus/db_util.go:321.21,323.4 1 0
github.com/autom8ter/brutus/db_util.go:325.18,327.4 1 0
github.com/autom8ter/brutus/db_util.go:334.18,336.4 1 0
github.com/autom8ter/brutus/db_util.go:338.36,340.3 1 0
github.com/autom8ter/brutus/db_util.go:348.103,349.24 1 0
github.com/autom8ter/brutus/db_util.go:352.2,354.9 3 0
github.com/autom8ter/brutus/db_util.go:357.2,357.25 1 0
github.com/autom8ter/brutus/db_util.go:365.2,366.16 2 0
github.com/autom8ter/brutus/db_util.go:369.2,369.23 1 0
github.com/autom8ter/brutus/db_util.go:383.2,383.30 1 0
github.com/autom8ter/brutus/db_util.go:391.2,391.12 1 0
github.com/autom8ter/brutus/db_util.go:349.24,351.3 1 0
github.com/autom8ter/brutus/db_util.go:354.9,356.3 1 0
github.com/autom8ter/brutus/db_util.go:357.25,358.52 1 0
github.com/autom8ter/brutus/db_util.go:361.3,361.52 1 0
github.com/autom8ter/brutus/db_util.go:358.52,360.4 1 0
github.com/autom8ter/brutus/db_util.go:361.52,363.4 1 0
github.com/autom8ter/brutus/db_util.go:366.16,368.3 1 0
github.com/autom8ter/brutus/db_util.go:370.14,373.54 1 0
github.com/autom8ter/brutus/db_util.go:376.27,379.76 1 0
github.com/autom8ter/brutus/db_util.go:373.54,375.4 1 0
github.com/autom8ter/brutus/db_util.go:379.76,381.4 1 0
github.com/autom8ter/brutus/db_util.go:383.30,384.16 1 0
github.com/autom8ter/brutus/db_util.go:387.3,387.72 1 0
github.com/autom8ter/brutus/db_util.go:384.16,385.12 1 0
github.com/autom8ter/brutus/db_util.go:387.72,389.4 1 0
github.com/autom8ter/brutus/db_util.go:394.121,395.17 1 0
github.com/autom8ter/brutus/db_util.go:399.2,399.23 1 0
github.com/autom8ter/brutus/db_util.go:459.2,459.12 1 0
github.com/autom8ter/brutus/db_util.go:395.17,397.3 1 0
github.com/autom8ter/brutus/db_util.go:400.14,401.104 1 0
github.com/autom8ter/brutus/db_util.go:410.27,411.52 1 0
github.com/autom8ter/brutus/db_util.go:422.3,422.56 1 0
github.com/autom8ter/brutus/db_util.go:449.3,449.122 1 0
github.com/autom8ter/brutus/db_util.go:401.104,409.4 1 0
github.com/autom8ter/brutus/db_util.go:411.52,412.105 1 0
github.com/autom8ter/brutus/db_util.go:412.105,420.5 1 0
github.com/autom8ter/brutus/db_util.go:422.56,423.50 1 0
github.com/autom8ter/brutus/db_util.go:423.50,428.20 3 0
github.com/autom8ter/brutus/db_util.go:437.5,437.15 1 0
github.com/autom8ter/brutus/db_util.go:428.20,432.36 4 0
github.com/autom8ter/brutus/db_util.go:435.6,435.15 1 0
github.com/autom8ter/brutus/db_util.go:432.36,434.7 1 0
github.com/autom8ter/brutus/db_util.go:438.19,446.5 1 0
github.com/autom8ter/brutus/db_util.go:449.122,457.4 1 0
github.com/autom8ter/brutus/db_util.go:462.73,465.2 2 0
github.com/autom8ter/brutus/db_util.go:467.86,469.33 2 0
github.com/autom8ter/brutus/db_util.go:475.2,475.16 1 0
github.com/autom8ter/brutus/db_util.go:469.33,470.95 1 0
github.com/autom8ter/brutus/db_util.go:473.3,473.22 1 0
github.com/autom8ter/brutus/db_util.go:470.95,471.12 1 0
github.com/autom8ter/brutus/db_util.go:478.98,479.24 1 4
github.com/autom8ter/brutus/db_util.go:482.2,483.9 2 4
github.com/autom8ter/brutus/db_util.go:486.2,486.28 1 0
github.com/autom8ter/brutus/db_util.go:495.2,499.16 5 0
github.com/autom8ter/brutus/db_util.go:502.2,503.49 2 0
github.com/autom8ter/brutus/db_util.go:558.2,558.19 1 0
github.com/autom8ter/brutus/db_util.go:479.24,481.3 1 0
github.com/autom8ter/brutus/db_util.go:483.9,485.3 1 4
github.com/autom8ter/brutus/db_util.go:486.28,487.37 1 0
github.com/autom8ter/brutus/db_util.go:487.37,489.18 2 0
github.com/autom8ter/brutus/db_util.go:492.4,492.24 1 0
github.com/autom8ter/brutus/db_util.go:489.18,491.5 1 0
github.com/autom8ter/brutus/db_util.go:499.16,501.3 1 0
github.com/autom8ter/brutus/db_util.go:503.49,511.18 4 0
github.com/autom8ter/brutus/db_util.go:554.3,554.13 1 0
github.com/autom8ter/brutus/db_util.go:511.18,515.28 3 0
github.com/autom8ter/brutus/db_util.go:533.4,534.18 2 0
github.com/autom8ter/brutus/db_util.go:537.4,537.12 1 0
github.com/autom8ter/brutus/db_util.go:552.4,552.13 1 0
github.com/autom8ter/brutus/db_util.go:515.28,517.19 2 0
github.com/autom8ter/brutus/db_util.go:520.5,521.19 2 0
github.com/autom8ter/brutus/db_util.go:517.19,519.6 1 0
github.com/autom8ter/brutus/db_util.go:521.19,523.6 1 0
github.com/autom8ter/brutus/db_util.go:524.10,528.19 4 0
github.com/autom8ter/brutus/db_util.go:528.19,530.6 1 0
github.com/autom8ter/brutus/db_util.go:534.18,536.5 1 0
github.com/autom8ter/brutus/db_util.go:537.12,538.42 1 0
github.com/autom8ter/brutus/db_util.go:544.5,545.19 2 0
github.com/autom8ter/brutus/db_util.go:548.5,548.24 1 0
github.com/autom8ter/brutus/db_util.go:538.42,540.20 2 0
github.com/autom8ter/brutus/db_util.go:540.20,542.7 1 0
github.com/autom8ter/brutus/db_util.go:545.19,547.6 1 0
github.com/autom8ter/brutus/db_util.go:548.24,550.6 1 0
github.com/autom8ter/brutus/db_util.go:555.17,557.3 1 0
github.com/autom8ter/brutus/document.go:29.50,31.2 1 3
github.com/autom8ter/brutus/document.go:34.30,39.2 2 3
github.com/autom8ter/brutus/document.go:42.59,43.29 1 18
github.com/autom8ter/brutus/document.go:46.2,49.16 2 18
github.com/autom8ter/brutus/document.go:52.2,52.15 1 17
github.com/autom8ter/brutus/document.go:43.29,45.3 1 0
github.com/autom8ter/brutus/document.go:49.16,51.3 1 1
github.com/autom8ter/brutus/document.go:56.52,59.16 3 17
github.com/autom8ter/brutus/document.go:62.2,62.35 1 17
github.com/autom8ter/brutus/document.go:59.16,61.3 1 0
github.com/autom8ter/brutus/document.go:66.33,68.2 1 24
github.com/autom8ter/brutus/document.go:71.36,73.2 1 4
github.com/autom8ter/brutus/document.go:76.35,78.2 1 35
github.com/autom8ter/brutus/document.go:81.43,83.2 1 3
github.com/autom8ter/brutus/document.go:86.38,89.2 2 2
github.com/autom8ter/brutus/document.go:92.50,93.42 1 1
github.com/autom8ter/brutus/document.go:96.2,101.27 3 1
github.com/autom8ter/brutus/document.go:104.2,105.16 2 1
github.com/autom8ter/brutus/document.go:108.2,109.12 2 1
github.com/autom8ter/brutus/document.go:93.42,95.3 1 0
github.com/autom8ter/brutus/document.go:101.27,103.3 1 1
github.com/autom8ter/brutus/document.go:105.16,107.3 1 0
github.com/autom8ter/brutus/document.go:113.42,115.2 1 39
github.com/autom8ter/brutus/document.go:118.51,120.2 1 7
github.com/autom8ter/brutus/document.go:123.47,125.2 1 1
github.com/autom8ter/brutus/document.go:128.51,130.2 1 26
github.com/autom8ter/brutus/document.go:133.49,135.2 1 0
github.com/autom8ter/brutus/document.go:138.53,142.2 1 5
github.com/autom8ter/brutus/document.go:144.53,149.27 2 12
github.com/autom8ter/brutus/document.go:157.2,157.16 1 12
github.com/autom8ter/brutus/document.go:160.2,160.26 1 12
github.com/autom8ter/brutus/document.go:163.2,164.12 2 12
github.com/autom8ter/brutus/document.go:150.20,151.60 1 0
github.com/autom8ter/brutus/document.go:152.14,153.63 1 0
github.com/autom8ter/brutus/document.go:154.10,155.52 1 12
github.com/autom8ter/brutus/document.go:157.16,159.3 1 0
github.com/autom8ter/brutus/document.go:160.26,162.3 1 0
github.com/autom8ter/brutus/document.go:168.56,170.27 2 8
github.com/autom8ter/brutus/document.go:176.2,176.12 1 8
github.com/autom8ter/brutus/document.go:170.27,172.17 2 12
github.com/autom8ter/brutus/document.go:172.17,174.4 1 0
github.com/autom8ter/brutus/document.go:180.48,181.19 1 1
github.com/autom8ter/brutus/document.go:184.2,186.16 3 1
github.com/autom8ter/brutus/document.go:189.2,189.28 1 1
github.com/autom8ter/brutus/document.go:181.19,183.3 1 0
github.com/autom8ter/brutus/document.go:186.16,188.3 1 0
github.com/autom8ter/brutus/document.go:193.44,195.2 1 1
github.com/autom8ter/brutus/document.go:198.51,199.31 1 1
github.com/autom8ter/brutus/document.go:206.2,206.12 1 1
github.com/autom8ter/brutus/document.go:199.31,201.17 2 1
github.com/autom8ter/brutus/document.go:204.3,204.33 1 1
github.com/autom8ter/brutus/document.go:201.17,203.4 1 0
github.com/autom8ter/brutus/document.go:210.56,211.27 1 14
github.com/autom8ter/brutus/document.go:259.2,259.18 1 10
github.com/autom8ter/brutus/document.go:211.27,212.15 1 14
github.com/autom8ter/brutus/document.go:213.17,214.33 1 2
github.com/autom8ter/brutus/document.go:217.18,218.33 1 1
github.com/autom8ter/brutus/document.go:221.16,222.54 1 1
github.com/autom8ter/brutus/document.go:225.18,226.53 1 3
github.com/autom8ter/brutus/document.go:229.16,230.54 1 2
github.com/autom8ter/brutus/document.go:233.18,234.53 1 2
github.com/autom8ter/brutus/document.go:237.11,242.32 5 1
github.com/autom8ter/brutus/document.go:247.4,247.14 1 1
github.com/autom8ter/brutus/document.go:251.17,252.71 1 1
github.com/autom8ter/brutus/document.go:255.11,256.67 1 1
github.com/autom8ter/brutus/document.go:214.33,216.5 1 1
github.com/autom8ter/brutus/document.go:218.33,220.5 1 0
github.com/autom8ter/brutus/document.go:222.54,224.5 1 0
github.com/autom8ter/brutus/document.go:226.53,228.5 1 1
github.com/autom8ter/brutus/document.go:230.54,232.5 1 1
github.com/autom8ter/brutus/document.go:234.53,236.5 1 0
github.com/autom8ter/brutus/document.go:242.32,243.33 1 1
github.com/autom8ter/brutus/document.go:243.33,245.6 1 1
github.com/autom8ter/brutus/document.go:247.14,249.5 1 0
github.com/autom8ter/brutus/document.go:252.71,254.5 1 0
github.com/autom8ter/brutus/document.go:263.42,265.2 1 1
github.com/autom8ter/brutus/document.go:268.46,270.16 2 0
github.com/autom8ter/brutus/document.go:273.2,273.12 1 0
github.com/autom8ter/brutus/document.go:270.16,272.3 1 0
github.com/autom8ter/brutus/document.go:280.74,282.30 2 0
github.com/autom8ter/brutus/document.go:290.2,290.16 1 0
github.com/autom8ter/brutus/document.go:282.30,284.28 2 0
github.com/autom8ter/brutus/document.go:287.3,288.45 2 0
github.com/autom8ter/brutus/document.go:284.28,286.4 1 0
github.com/autom8ter/brutus/document.go:294.60,296.2 1 0
github.com/autom8ter/brutus/document.go:299.93,301.2 1 0
github.com/autom8ter/brutus/document.go:304.85,306.2 1 0
github.com/autom8ter/brutus/document.go:309.105,311.2 1 0
github.com/autom8ter/brutus/document.go:314.55,315.25 1 0
github.com/autom8ter/brutus/document.go:318.2,318.31 1 0
github.com/autom8ter/brutus/document.go:327.2,327.10 1 0
github.com/autom8ter/brutus/document.go:315.25,317.3 1 0
github.com/autom8ter/brutus/document.go:318.31,319.37 1 0
github.com/autom8ter/brutus/document.go:319.37,321.4 1 0
github.com/autom8ter/brutus/document.go:322.8,323.37 1 0
github.com/autom8ter/brutus/document.go:323.37,325.4 1 0
github.com/autom8ter/brutus/document.go:331.94,335.25 2 1
github.com/autom8ter/brutus/document.go:365.2,365.24 1 1
github.com/autom8ter/brutus/document.go:335.25,336.47 1 5
github.com/autom8ter/brutus/document.go:339.3,339.34 1 5
github.com/autom8ter/brutus/document.go:336.47,338.4 1 1
github.com/autom8ter/brutus/document.go:339.34,340.23 1 5
github.com/autom8ter/brutus/document.go:343.4,344.24 2 5
github.com/autom8ter/brutus/document.go:360.4,360.61 1 5
github.com/autom8ter/brutus/document.go:340.23,342.5 1 0
github.com/autom8ter/brutus/document.go:345.15,346.14 1 0
github.com/autom8ter/brutus/document.go:347.13,348.59 1 0
github.com/autom8ter/brutus/document.go:351.13,352.59 1 0
github.com/autom8ter/brutus/document.go:355.13,356.40 1 5
github.com/autom8ter/brutus/document.go:357.12,358.102 1 0
github.com/autom8ter/brutus/document.go:348.59,350.6 1 0
github.com/autom8ter/brutus/document.go:352.59,354.6 1 0
github.com/autom8ter/brutus/document.go:360.61,362.5 1 0
github.com/autom8ter/brutus/indexing.go:47.51,56.21 3 1
github.com/autom8ter/brutus/indexing.go:59.2,59.29 1 1
github.com/autom8ter/brutus/indexing.go:64.2,64.15 1 1
github.com/autom8ter/brutus/indexing.go:56.21,58.3 1 0
github.com/autom8ter/brutus/indexing.go:59.29,60.29 1 2
github.com/autom8ter/brutus/indexing.go:60.29,62.4 1 2
github.com/autom8ter/brutus/indexing.go:74.65,85.2 3 3
github.com/autom8ter/brutus/indexing.go:87.58,94.2 1 1
github.com/autom8ter/brutus/indexing.go:96.40,98.24 2 3
github.com/autom8ter/brutus/indexing.go:101.2,101.41 1 3
github.com/autom8ter/brutus/indexing.go:98.24,100.3 1 1
github.com/autom8ter/brutus/indexing.go:104.46,106.2 1 1
github.com/autom8ter/brutus/indexing.go:108.48,110.2 1 5
github.com/autom8ter/brutus/indexing.go:112.41,113.18 1 3
github.com/autom8ter/brutus/indexing.go:116.2,116.31 1 3
github.com/autom8ter/brutus/indexing.go:113.18,115.3 1 0
github.com/autom8ter/brutus/indexing.go:117.12,118.48 1 0
github.com/autom8ter/brutus/indexing.go:119.14,120.23 1 2
github.com/autom8ter/brutus/indexing.go:121.67,124.13 3 1
github.com/autom8ter/brutus/indexing.go:125.10,127.21 2 0
github.com/autom8ter/brutus/indexing.go:130.3,130.14 1 0
github.com/autom8ter/brutus/indexing.go:127.21,129.4 1 0
github.com/autom8ter/brutus/optimizer.go:32.113,33.23 1 7
github.com/autom8ter/brutus/optimizer.go:37.2,44.32 3 7
github.com/autom8ter/brutus/optimizer.go:70.2,70.30 1 7
github.com/autom8ter/brutus/optimizer.go:74.2,80.8 1 1
github.com/autom8ter/brutus/optimizer.go:33.23,35.3 1 0
github.com/autom8ter/brutus/optimizer.go:44.32,45.29 1 21
github.com/autom8ter/brutus/optimizer.go:48.3,49.37 2 21
github.com/autom8ter/brutus/optimizer.go:52.3,52.38 1 21
github.com/autom8ter/brutus/optimizer.go:59.3,61.83 2 21
github.com/autom8ter/brutus/optimizer.go:66.3,66.20 1 21
github.com/autom8ter/brutus/optimizer.go:45.29,46.12 1 0
github.com/autom8ter/brutus/optimizer.go:49.37,51.4 1 2
github.com/autom8ter/brutus/optimizer.go:52.38,53.22 1 28
github.com/autom8ter/brutus/optimizer.go:53.22,54.32 1 17
github.com/autom8ter/brutus/optimizer.go:54.32,56.6 1 5
github.com/autom8ter/brutus/optimizer.go:61.83,65.4 3 6
github.com/autom8ter/brutus/optimizer.go:66.20,68.4 1 7
github.com/autom8ter/brutus/optimizer.go:70.30,72.3 1 6
github.com/autom8ter/brutus/optimizer.go:83.64,86.20 3 7
github.com/autom8ter/brutus/optimizer.go:89.2,89.26 1 7
github.com/autom8ter/brutus/optimizer.go:96.2,96.20 1 7
github.com/autom8ter/brutus/optimizer.go:86.20,88.3 1 2
github.com/autom8ter/brutus/optimizer.go:89.26,90.33 1 7
github.com/autom8ter/brutus/optimizer.go:93.3,94.33 2 7
github.com/autom8ter/brutus/optimizer.go:90.33,91.12 1 0
github.com/autom8ter/brutus/query.go:21.33,22.18 1 1
github.com/autom8ter/brutus/query.go:25.2,25.12 1 0
github.com/autom8ter/brutus/query.go:22.18,24.3 1 1
github.com/autom8ter/brutus/collection.go:25.48,26.29 1 4
github.com/autom8ter/brutus/collection.go:26.29,27.29 1 4
github.com/autom8ter/brutus/collection.go:27.29,29.4 1 4
github.com/autom8ter/brutus/collection.go:34.68,35.29 1 2
github.com/autom8ter/brutus/collection.go:35.29,37.3 1 2
github.com/autom8ter/brutus/collection.go:41.57,42.29 1 0
github.com/autom8ter/brutus/collection.go:42.29,44.3 1 0
github.com/autom8ter/brutus/collection.go:48.67,49.29 1 0
github.com/autom8ter/brutus/collection.go:49.29,51.3 1 0
github.com/autom8ter/brutus/collection.go:55.58,56.29 1 0
github.com/autom8ter/brutus/collection.go:56.29,58.3 1 0
github.com/autom8ter/brutus/collection.go:62.87,68.25 2 2
github.com/autom8ter/brutus/collection.go:71.2,72.30 2 2
github.com/autom8ter/brutus/collection.go:80.2,80.17 1 2
github.com/autom8ter/brutus/collection.go:89.2,89.10 1 2
github.com/autom8ter/brutus/collection.go:68.25,70.3 1 6
github.com/autom8ter/brutus/collection.go:72.30,73.25 1 4
github.com/autom8ter/brutus/collection.go:76.3,76.16 1 4
github.com/autom8ter/brutus/collection.go:73.25,75.4 1 0
github.com/autom8ter/brutus/collection.go:76.16,78.4 1 0
github.com/autom8ter/brutus/collection.go:80.17,88.3 1 2
github.com/autom8ter/brutus/collection.go:93.36,95.2 1 3
github.com/autom8ter/brutus/collection.go:98.42,100.2 1 1
github.com/autom8ter/brutus/collection.go:103.40,105.30 2 2
github.com/autom8ter/brutus/collection.go:108.2,108.16 1 2
github.com/autom8ter/brutus/collection.go:105.30,107.3 1 6
github.com/autom8ter/brutus/collection.go:111.107,113.43 2 0
github.com/autom8ter/brutus/collection.go:119.2,119.20 1 0
github.com/autom8ter/brutus/collection.go:113.43,115.17 2 0
github.com/autom8ter/brutus/collection.go:115.17,117.4 1 0
github.com/autom8ter/brutus/collection.go:124.82,125.28 1 3
github.com/autom8ter/brutus/collection.go:128.2,128.41 1 3
github.com/autom8ter/brutus/collection.go:133.2,133.12 1 2
github.com/autom8ter/brutus/collection.go:125.28,127.3 1 0
github.com/autom8ter/brutus/collection.go:128.41,129.49 1 3
github.com/autom8ter/brutus/collection.go:129.49,131.4 1 1
github.com/autom8ter/brutus/collection.go:137.66,139.2 1 0
github.com/autom8ter/brutus/collection.go:142.56,143.14 1 0
github.com/autom8ter/brutus/collection.go:146.2,146.45 1 0
github.com/autom8ter/brutus/collection.go:143.14,145.3 1 0
github.com/autom8ter/brutus/collection.go:155.67,161.29 2 4
github.com/autom8ter/brutus/collection.go:167.2,167.31 1 4
github.com/autom8ter/brutus/collection.go:176.2,180.8 1 4
github.com/autom8ter/brutus/collection.go:161.29,162.37 1 19
github.com/autom8ter/brutus/collection.go:162.37,164.4 1 19
github.com/autom8ter/brutus/collection.go:167.31,168.39 1 0
github.com/autom8ter/brutus/collection.go:168.39,170.4 1 0
github.com/autom8ter/brutus/collection.go:170.9,171.52 1 0
github.com/autom8ter/brutus/collection.go:171.52,173.5 1 0
github.com/autom8ter/brutus/stateChange.go:34.48,35.18 1 0
github.com/autom8ter/brutus/stateChange.go:38.2,38.14 1 0
github.com/autom8ter/brutus/stateChange.go:35.18,37.3 1 0
github.com/autom8ter/brutus/util.go:9.54,12.44 3 0
github.com/autom8ter/brutus/util.go:13.12,14.47 1 0
github.com/autom8ter/brutus/util.go:15.15,16.47 1 0
github.com/autom8ter/brutus/util.go:17.14,18.49 1 0
github.com/autom8ter/brutus/util.go:19.10,20.71 1 0
github.com/autom8ter/brutus/util.go:25.40,26.46 1 0
github.com/autom8ter/brutus/util.go:26.46,27.13 1 0
github.com/autom8ter/brutus/util.go:32.42,41.16 3 1
github.com/autom8ter/brutus/util.go:45.2,45.30 1 1
github.com/autom8ter/brutus/util.go:41.16,43.3 1 0
github.com/autom8ter/brutus/util.go:49.35,52.2 2 2
github.com/autom8ter/brutus/util.go:54.46,57.30 3 0
github.com/autom8ter/brutus/util.go:60.2,60.14 1 0
github.com/autom8ter/brutus/util.go:57.30,59.3 1 0
github.com/autom8ter/brutus/validation.go:12.62,14.62 2 5
github.com/autom8ter/brutus/validation.go:17.2,17.62 1 4
github.com/autom8ter/brutus/validation.go:14.62,16.3 1 1
github.com/autom8ter/brutus/validation.go:17.62,18.19 1 5
github.com/autom8ter/brutus/validation.go:30.3,30.13 1 3
github.com/autom8ter/brutus/validation.go:19.28,20.22 1 5
github.com/autom8ter/brutus/validation.go:20.22,22.19 2 5
github.com/autom8ter/brutus/validation.go:25.5,25.23 1 5
github.com/autom8ter/brutus/validation.go:22.19,24.6 1 0
github.com/autom8ter/brutus/validation.go:25.23,27.6 1 2
github.com/autom8ter/brutus/validation.go:36.57,38.16 2 2
github.com/autom8ter/brutus/validation.go:41.2,41.10 1 2
github.com/autom8ter/brutus/validation.go:38.16,39.13 1 0
github.com/autom8ter/brutus/aggregate.go:43.42,44.18 1 0
github.com/autom8ter/brutus/aggregate.go:47.2,47.12 1 0
github.com/autom8ter/brutus/aggregate.go:44.18,46.3 1 0
github.com/autom8ter/brutus/errors.go:13.37,15.2 1 0
github.com/autom8ter/brutus/errors.go:18.33,20.2 1 0
github.com/autom8ter/brutus/db.go:49.42,51.2 1 4
github.com/autom8ter/brutus/db.go:54.56,56.16 2 4
github.com/autom8ter/brutus/db.go:59.2,67.63 2 4
github.com/autom8ter/brutus/db.go:70.2,70.15 1 0
github.com/autom8ter/brutus/db.go:56.16,58.3 1 0
github.com/autom8ter/brutus/db.go:67.63,69.3 1 4
github.com/autom8ter/brutus/db.go:73.88,75.9 2 0
github.com/autom8ter/brutus/db.go:78.2,78.35 1 0
github.com/autom8ter/brutus/db.go:75.9,77.3 1 0
github.com/autom8ter/brutus/db.go:82.92,84.6 2 0
github.com/autom8ter/brutus/db.go:84.6,92.17 2 0
github.com/autom8ter/brutus/db.go:95.3,95.34 1 0
github.com/autom8ter/brutus/db.go:98.3,98.27 1 0
github.com/autom8ter/brutus/db.go:101.3,101.9 1 0
github.com/autom8ter/brutus/db.go:92.17,94.4 1 0
github.com/autom8ter/brutus/db.go:95.34,97.4 1 0
github.com/autom8ter/brutus/db.go:98.27,100.4 1 0
github.com/autom8ter/brutus/db.go:106.97,108.9 2 0
github.com/autom8ter/brutus/db.go:111.2,111.43 1 0
github.com/autom8ter/brutus/db.go:118.2,126.9 1 0
github.com/autom8ter/brutus/db.go:108.9,110.3 1 0
github.com/autom8ter/brutus/db.go:111.43,114.17 3 0
github.com/autom8ter/brutus/db.go:114.17,116.4 1 0
github.com/autom8ter/brutus/db.go:130.107,132.9 2 0
github.com/autom8ter/brutus/db.go:135.2,136.37 2 0
github.com/autom8ter/brutus/db.go:147.2,151.17 1 0
github.com/autom8ter/brutus/db.go:154.2,154.17 1 0
github.com/autom8ter/brutus/db.go:132.9,134.3 1 0
github.com/autom8ter/brutus/db.go:136.37,137.44 1 0
github.com/autom8ter/brutus/db.go:144.3,144.53 1 0
github.com/autom8ter/brutus/db.go:137.44,140.18 3 0
github.com/autom8ter/brutus/db.go:140.18,142.5 1 0
github.com/autom8ter/brutus/db.go:151.17,153.3 1 0
github.com/autom8ter/brutus/db.go:158.84,164.2 1 0
github.com/autom8ter/brutus/db.go:167.88,174.2 1 0
github.com/autom8ter/brutus/db.go:177.101,185.2 1 0
github.com/autom8ter/brutus/db.go:188.105,194.2 1 0
github.com/autom8ter/brutus/db.go:197.78,203.2 1 0
github.com/autom8ter/brutus/db.go:206.86,212.2 1 0
github.com/autom8ter/brutus/db.go:215.89,217.16 2 0
github.com/autom8ter/brutus/db.go:220.2,220.45 1 0
github.com/autom8ter/brutus/db.go:226.2,226.81 1 0
github.com/autom8ter/brutus/db.go:217.16,219.3 1 0
github.com/autom8ter/brutus/db.go:220.45,222.17 2 0
github.com/autom8ter/brutus/db.go:222.17,224.4 1 0
github.com/autom8ter/brutus/db.go:230.66,232.9 2 0
github.com/autom8ter/brutus/db.go:235.2,236.16 2 0
github.com/autom8ter/brutus/db.go:239.2,240.45 2 0
github.com/autom8ter/brutus/db.go:243.2,243.70 1 0
github.com/autom8ter/brutus/db.go:232.9,234.3 1 0
github.com/autom8ter/brutus/db.go:236.16,238.3 1 0
github.com/autom8ter/brutus/db.go:240.45,242.3 1 0
github.com/autom8ter/brutus/db.go:247.81,248.41 1 0
github.com/autom8ter/brutus/db.go:251.2,259.37 5 0
github.com/autom8ter/brutus/db.go:263.2,263.16 1 0
github.com/autom8ter/brutus/db.go:266.2,267.56 2 0
github.com/autom8ter/brutus/db.go:274.2,275.39 2 0
github.com/autom8ter/brutus/db.go:278.2,278.51 1 0
github.com/autom8ter/brutus/db.go:282.2,283.61 1 0
github.com/autom8ter/brutus/db.go:248.41,250.3 1 0
github.com/autom8ter/brutus/db.go:259.37,262.3 2 0
github.com/autom8ter/brutus/db.go:263.16,265.3 1 0
github.com/autom8ter/brutus/db.go:267.56,269.17 2 0
github.com/autom8ter/brutus/db.go:272.3,272.35 1 0
github.com/autom8ter/brutus/db.go:269.17,271.4 1 0
github.com/autom8ter/brutus/db.go:275.39,277.3 1 0
github.com/autom8ter/brutus/db.go:278.51,280.3 1 0
github.com/autom8ter/brutus/db.go:283.61,285.39 2 0
github.com/autom8ter/brutus/db.go:288.4,289.18 2 0
github.com/autom8ter/brutus/db.go:292.4,292.12 1 0
github.com/autom8ter/brutus/db.go:285.39,287.5 1 0
github.com/autom8ter/brutus/db.go:289.19,291.5 0 0
github.com/autom8ter/brutus/db.go:304.68,305.41 1 0
github.com/autom8ter/brutus/db.go:308.2,318.37 6 0
github.com/autom8ter/brutus/db.go:326.2,326.16 1 0
github.com/autom8ter/brutus/db.go:329.2,331.51 2 0
github.com/autom8ter/brutus/db.go:334.2,334.51 1 0
github.com/autom8ter/brutus/db.go:338.2,338.53 1 0
github.com/autom8ter/brutus/db.go:346.2,354.8 1 0
github.com/autom8ter/brutus/db.go:305.41,307.3 1 0
github.com/autom8ter/brutus/db.go:318.37,320.101 2 0
github.com/autom8ter/brutus/db.go:324.3,324.19 1 0
github.com/autom8ter/brutus/db.go:320.101,323.4 2 0
github.com/autom8ter/brutus/db.go:326.16,328.3 1 0
github.com/autom8ter/brutus/db.go:331.51,333.3 1 0
github.com/autom8ter/brutus/db.go:334.51,336.3 1 0
github.com/autom8ter/brutus/db.go:338.53,339.34 1 0
github.com/autom8ter/brutus/db.go:339.34,341.18 2 0
github.com/autom8ter/brutus/db.go:341.18,343.5 1 0
github.com/autom8ter/brutus/db.go:360.93,362.2 1 4
github.com/autom8ter/brutus/db.go:364.47,366.2 1 0
